2016-07-18 10:39:05,836 [ERROR] - 
null
event= event U2000
oid= 1.3.6.1.2.1.1.3.0, oidConvert= sysUpTime, value= 0:45:04.34
oid= 1.3.6.1.6.3.1.1.4.1.0, oidConvert= snmpTrapOID, value= 1.3.6.1.4.1.2011.2.15.1.7.2.0.2
oid= 1.3.6.1.4.1.2011.2.15.1, oidConvert= , value= SNMP Agent
2016-07-18 10:39:11,773 [ERROR] - 
null
event= event U2000
oid= 1.3.6.1.2.1.1.3.0, oidConvert= sysUpTime, value= 0:46:04.35
oid= 1.3.6.1.6.3.1.1.4.1.0, oidConvert= snmpTrapOID, value= 1.3.6.1.4.1.2011.2.15.1.7.2.0.2
oid= 1.3.6.1.4.1.2011.2.15.1, oidConvert= , value= SNMP Agent
2016-07-18 10:39:21,527 [ERROR] - 
null
event= event U2000
oid= 1.3.6.1.2.1.1.3.0, oidConvert= sysUpTime, value= 0:47:04.36
oid= 1.3.6.1.6.3.1.1.4.1.0, oidConvert= snmpTrapOID, value= 1.3.6.1.4.1.2011.2.15.1.7.2.0.2
oid= 1.3.6.1.4.1.2011.2.15.1, oidConvert= , value= SNMP Agent
2016-07-18 10:39:29,108 [ERROR] - 
null
event= event U2000
oid= 1.3.6.1.2.1.1.3.0, oidConvert= sysUpTime, value= 0:48:04.37
oid= 1.3.6.1.6.3.1.1.4.1.0, oidConvert= snmpTrapOID, value= 1.3.6.1.4.1.2011.2.15.1.7.2.0.2
oid= 1.3.6.1.4.1.2011.2.15.1, oidConvert= , value= SNMP Agent
2016-07-27 09:49:03,982 [ERROR] - 
null
event= event U2000
oid= 1.3.6.1.2.1.1.3.0, oidConvert= sysUpTime, value= 0:45:04.34
oid= 1.3.6.1.6.3.1.1.4.1.0, oidConvert= snmpTrapOID, value= 1.3.6.1.4.1.2011.2.15.1.7.2.0.2
oid= 1.3.6.1.4.1.2011.2.15.1, oidConvert= , value= SNMP Agent
2016-07-27 09:49:08,936 [ERROR] - 
null
event= event U2000
oid= 1.3.6.1.2.1.1.3.0, oidConvert= sysUpTime, value= 0:46:04.35
oid= 1.3.6.1.6.3.1.1.4.1.0, oidConvert= snmpTrapOID, value= 1.3.6.1.4.1.2011.2.15.1.7.2.0.2
oid= 1.3.6.1.4.1.2011.2.15.1, oidConvert= , value= SNMP Agent
2016-07-27 09:49:15,203 [ERROR] - 
null
event= event U2000
oid= 1.3.6.1.2.1.1.3.0, oidConvert= sysUpTime, value= 0:47:04.36
oid= 1.3.6.1.6.3.1.1.4.1.0, oidConvert= snmpTrapOID, value= 1.3.6.1.4.1.2011.2.15.1.7.2.0.2
oid= 1.3.6.1.4.1.2011.2.15.1, oidConvert= , value= SNMP Agent
2016-07-27 09:49:20,834 [ERROR] - 
null
event= event U2000
oid= 1.3.6.1.2.1.1.3.0, oidConvert= sysUpTime, value= 0:48:04.37
oid= 1.3.6.1.6.3.1.1.4.1.0, oidConvert= snmpTrapOID, value= 1.3.6.1.4.1.2011.2.15.1.7.2.0.2
oid= 1.3.6.1.4.1.2011.2.15.1, oidConvert= , value= SNMP Agent
2016-08-08 09:37:39,278 [ERROR] - 
null
event= event U2000
oid= 1.3.6.1.2.1.1.3.0, oidConvert= sysUpTime, value= 0:45:04.34
oid= 1.3.6.1.6.3.1.1.4.1.0, oidConvert= snmpTrapOID, value= 1.3.6.1.4.1.2011.2.15.1.7.2.0.2
oid= 1.3.6.1.4.1.2011.2.15.1, oidConvert= , value= SNMP Agent
2016-08-08 09:37:54,138 [ERROR] - 
null
event= event U2000
oid= 1.3.6.1.2.1.1.3.0, oidConvert= sysUpTime, value= 0:46:04.35
oid= 1.3.6.1.6.3.1.1.4.1.0, oidConvert= snmpTrapOID, value= 1.3.6.1.4.1.2011.2.15.1.7.2.0.2
oid= 1.3.6.1.4.1.2011.2.15.1, oidConvert= , value= SNMP Agent
2016-08-08 09:38:13,661 [ERROR] - 
null
event= event U2000
oid= 1.3.6.1.2.1.1.3.0, oidConvert= sysUpTime, value= 0:47:04.36
oid= 1.3.6.1.6.3.1.1.4.1.0, oidConvert= snmpTrapOID, value= 1.3.6.1.4.1.2011.2.15.1.7.2.0.2
oid= 1.3.6.1.4.1.2011.2.15.1, oidConvert= , value= SNMP Agent
2016-08-08 09:38:31,778 [ERROR] - 
null
event= event U2000
oid= 1.3.6.1.2.1.1.3.0, oidConvert= sysUpTime, value= 0:48:04.37
oid= 1.3.6.1.6.3.1.1.4.1.0, oidConvert= snmpTrapOID, value= 1.3.6.1.4.1.2011.2.15.1.7.2.0.2
oid= 1.3.6.1.4.1.2011.2.15.1, oidConvert= , value= SNMP Agent
2016-08-17 10:35:09,764 [ERROR] - 
null
event= CommandResponderEvent[transportMapping=org.snmp4j.transport.DefaultUdpTransportMapping@4ad07607peerAddress=192.168.2.202/55474, processed=false, pdu=[V1TRAP[reqestID=0,timestamp=0:00:00.00,enterprise=1.3.6.1.4.1.1397.2.23.3.1.3.0.1,genericTrap=0,specificTrap=0, VBS[1.3.6.1.4.1.1397.2.23.3.1.3.1.1 = 2895; 1.3.6.1.4.1.1397.2.23.3.1.3.1.2 = 5; 1.3.6.1.4.1.1397.2.23.3.1.3.1.3 = genTransLinkDown (5); 1.3.6.1.4.1.1397.2.23.3.1.3.1.4 = 4; 1.3.6.1.4.1.1397.2.23.3.1.3.1.5 = none; 1.3.6.1.4.1.1397.2.23.3.1.3.1.6 = INTERFACE: Physical fe5/1/1; 1.3.6.1.4.1.1397.2.23.3.1.3.1.7 = 1; 1.3.6.1.4.1.1397.2.23.3.1.3.1.8 = 68152.5767842014; 1.3.6.1.4.1.1397.2.23.3.1.3.1.10 = 08/01/2016 13:54:54; 1.3.6.1.4.1.1397.2.23.3.1.3.1.12 = 1; 1.3.6.1.4.1.1397.2.23.3.1.3.1.14 = The link is down i.e. not operational.; 1.3.6.1.4.1.1397.2.23.3.1.3.1.100 = 2]]], securityName=public, securityModel=1, securityLevel=1]
oid= 1.3.6.1.4.1.1397.2.23.3.1.3.1.1, oidConvert= , value= 2895
oid= 1.3.6.1.4.1.1397.2.23.3.1.3.1.2, oidConvert= , value= 5
oid= 1.3.6.1.4.1.1397.2.23.3.1.3.1.3, oidConvert= , value= genTransLinkDown (5)
oid= 1.3.6.1.4.1.1397.2.23.3.1.3.1.4, oidConvert= , value= 4
oid= 1.3.6.1.4.1.1397.2.23.3.1.3.1.5, oidConvert= , value= none
oid= 1.3.6.1.4.1.1397.2.23.3.1.3.1.6, oidConvert= , value= INTERFACE: Physical fe5/1/1
oid= 1.3.6.1.4.1.1397.2.23.3.1.3.1.7, oidConvert= , value= 1
oid= 1.3.6.1.4.1.1397.2.23.3.1.3.1.8, oidConvert= , value= 68152.5767842014
oid= 1.3.6.1.4.1.1397.2.23.3.1.3.1.10, oidConvert= , value= 08/01/2016 13:54:54
oid= 1.3.6.1.4.1.1397.2.23.3.1.3.1.12, oidConvert= , value= 1
oid= 1.3.6.1.4.1.1397.2.23.3.1.3.1.14, oidConvert= , value= The link is down i.e. not operational.
oid= 1.3.6.1.4.1.1397.2.23.3.1.3.1.100, oidConvert= , value= 2
2016-08-17 10:35:29,734 [ERROR] - 
null
event= CommandResponderEvent[transportMapping=org.snmp4j.transport.DefaultUdpTransportMapping@4ad07607peerAddress=192.168.2.202/55474, processed=false, pdu=[V1TRAP[reqestID=0,timestamp=0:00:00.00,enterprise=1.3.6.1.4.1.1397.2.23.3.1.3.0.1,genericTrap=0,specificTrap=0, VBS[1.3.6.1.4.1.1397.2.23.3.1.3.1.1 = 2895; 1.3.6.1.4.1.1397.2.23.3.1.3.1.2 = 5; 1.3.6.1.4.1.1397.2.23.3.1.3.1.3 = genTransLinkDown (5); 1.3.6.1.4.1.1397.2.23.3.1.3.1.4 = 4; 1.3.6.1.4.1.1397.2.23.3.1.3.1.5 = none; 1.3.6.1.4.1.1397.2.23.3.1.3.1.6 = INTERFACE: Physical fe5/1/1; 1.3.6.1.4.1.1397.2.23.3.1.3.1.7 = 1; 1.3.6.1.4.1.1397.2.23.3.1.3.1.8 = 68152.5767842014; 1.3.6.1.4.1.1397.2.23.3.1.3.1.10 = 08/01/2016 13:54:54; 1.3.6.1.4.1.1397.2.23.3.1.3.1.12 = 1; 1.3.6.1.4.1.1397.2.23.3.1.3.1.14 = The link is down i.e. not operational.; 1.3.6.1.4.1.1397.2.23.3.1.3.1.100 = 2]]], securityName=public, securityModel=1, securityLevel=1]
oid= 1.3.6.1.4.1.1397.2.23.3.1.3.1.1, oidConvert= , value= 2895
oid= 1.3.6.1.4.1.1397.2.23.3.1.3.1.2, oidConvert= , value= 5
oid= 1.3.6.1.4.1.1397.2.23.3.1.3.1.3, oidConvert= , value= genTransLinkDown (5)
oid= 1.3.6.1.4.1.1397.2.23.3.1.3.1.4, oidConvert= , value= 4
oid= 1.3.6.1.4.1.1397.2.23.3.1.3.1.5, oidConvert= , value= none
oid= 1.3.6.1.4.1.1397.2.23.3.1.3.1.6, oidConvert= , value= INTERFACE: Physical fe5/1/1
oid= 1.3.6.1.4.1.1397.2.23.3.1.3.1.7, oidConvert= , value= 1
oid= 1.3.6.1.4.1.1397.2.23.3.1.3.1.8, oidConvert= , value= 68152.5767842014
oid= 1.3.6.1.4.1.1397.2.23.3.1.3.1.10, oidConvert= , value= 08/01/2016 13:54:54
oid= 1.3.6.1.4.1.1397.2.23.3.1.3.1.12, oidConvert= , value= 1
oid= 1.3.6.1.4.1.1397.2.23.3.1.3.1.14, oidConvert= , value= The link is down i.e. not operational.
oid= 1.3.6.1.4.1.1397.2.23.3.1.3.1.100, oidConvert= , value= 2
2016-08-17 10:35:31,864 [ERROR] - 
null
event= CommandResponderEvent[transportMapping=org.snmp4j.transport.DefaultUdpTransportMapping@4ad07607peerAddress=192.168.2.202/55474, processed=false, pdu=[V1TRAP[reqestID=0,timestamp=0:00:00.00,enterprise=1.3.6.1.4.1.1397.2.23.3.1.3.0.1,genericTrap=0,specificTrap=0, VBS[1.3.6.1.4.1.1397.2.23.3.1.3.1.1 = 2895; 1.3.6.1.4.1.1397.2.23.3.1.3.1.2 = 5; 1.3.6.1.4.1.1397.2.23.3.1.3.1.3 = genTransLinkDown (5); 1.3.6.1.4.1.1397.2.23.3.1.3.1.4 = 4; 1.3.6.1.4.1.1397.2.23.3.1.3.1.5 = none; 1.3.6.1.4.1.1397.2.23.3.1.3.1.6 = INTERFACE: Physical fe5/1/1; 1.3.6.1.4.1.1397.2.23.3.1.3.1.7 = 1; 1.3.6.1.4.1.1397.2.23.3.1.3.1.8 = 68152.5767842014; 1.3.6.1.4.1.1397.2.23.3.1.3.1.10 = 08/01/2016 13:54:54; 1.3.6.1.4.1.1397.2.23.3.1.3.1.12 = 1; 1.3.6.1.4.1.1397.2.23.3.1.3.1.14 = The link is down i.e. not operational.; 1.3.6.1.4.1.1397.2.23.3.1.3.1.100 = 2]]], securityName=public, securityModel=1, securityLevel=1]
oid= 1.3.6.1.4.1.1397.2.23.3.1.3.1.1, oidConvert= , value= 2895
oid= 1.3.6.1.4.1.1397.2.23.3.1.3.1.2, oidConvert= , value= 5
oid= 1.3.6.1.4.1.1397.2.23.3.1.3.1.3, oidConvert= , value= genTransLinkDown (5)
oid= 1.3.6.1.4.1.1397.2.23.3.1.3.1.4, oidConvert= , value= 4
oid= 1.3.6.1.4.1.1397.2.23.3.1.3.1.5, oidConvert= , value= none
oid= 1.3.6.1.4.1.1397.2.23.3.1.3.1.6, oidConvert= , value= INTERFACE: Physical fe5/1/1
oid= 1.3.6.1.4.1.1397.2.23.3.1.3.1.7, oidConvert= , value= 1
oid= 1.3.6.1.4.1.1397.2.23.3.1.3.1.8, oidConvert= , value= 68152.5767842014
oid= 1.3.6.1.4.1.1397.2.23.3.1.3.1.10, oidConvert= , value= 08/01/2016 13:54:54
oid= 1.3.6.1.4.1.1397.2.23.3.1.3.1.12, oidConvert= , value= 1
oid= 1.3.6.1.4.1.1397.2.23.3.1.3.1.14, oidConvert= , value= The link is down i.e. not operational.
oid= 1.3.6.1.4.1.1397.2.23.3.1.3.1.100, oidConvert= , value= 2
2016-08-17 10:35:33,714 [ERROR] - 
null
event= CommandResponderEvent[transportMapping=org.snmp4j.transport.DefaultUdpTransportMapping@4ad07607peerAddress=192.168.2.202/55474, processed=false, pdu=[V1TRAP[reqestID=0,timestamp=0:00:00.00,enterprise=1.3.6.1.4.1.1397.2.23.3.1.3.0.1,genericTrap=0,specificTrap=0, VBS[1.3.6.1.4.1.1397.2.23.3.1.3.1.1 = 2895; 1.3.6.1.4.1.1397.2.23.3.1.3.1.2 = 5; 1.3.6.1.4.1.1397.2.23.3.1.3.1.3 = genTransLinkDown (5); 1.3.6.1.4.1.1397.2.23.3.1.3.1.4 = 4; 1.3.6.1.4.1.1397.2.23.3.1.3.1.5 = none; 1.3.6.1.4.1.1397.2.23.3.1.3.1.6 = INTERFACE: Physical fe5/1/1; 1.3.6.1.4.1.1397.2.23.3.1.3.1.7 = 1; 1.3.6.1.4.1.1397.2.23.3.1.3.1.8 = 68152.5767842014; 1.3.6.1.4.1.1397.2.23.3.1.3.1.10 = 08/01/2016 13:54:54; 1.3.6.1.4.1.1397.2.23.3.1.3.1.12 = 1; 1.3.6.1.4.1.1397.2.23.3.1.3.1.14 = The link is down i.e. not operational.; 1.3.6.1.4.1.1397.2.23.3.1.3.1.100 = 2]]], securityName=public, securityModel=1, securityLevel=1]
oid= 1.3.6.1.4.1.1397.2.23.3.1.3.1.1, oidConvert= , value= 2895
oid= 1.3.6.1.4.1.1397.2.23.3.1.3.1.2, oidConvert= , value= 5
oid= 1.3.6.1.4.1.1397.2.23.3.1.3.1.3, oidConvert= , value= genTransLinkDown (5)
oid= 1.3.6.1.4.1.1397.2.23.3.1.3.1.4, oidConvert= , value= 4
oid= 1.3.6.1.4.1.1397.2.23.3.1.3.1.5, oidConvert= , value= none
oid= 1.3.6.1.4.1.1397.2.23.3.1.3.1.6, oidConvert= , value= INTERFACE: Physical fe5/1/1
oid= 1.3.6.1.4.1.1397.2.23.3.1.3.1.7, oidConvert= , value= 1
oid= 1.3.6.1.4.1.1397.2.23.3.1.3.1.8, oidConvert= , value= 68152.5767842014
oid= 1.3.6.1.4.1.1397.2.23.3.1.3.1.10, oidConvert= , value= 08/01/2016 13:54:54
oid= 1.3.6.1.4.1.1397.2.23.3.1.3.1.12, oidConvert= , value= 1
oid= 1.3.6.1.4.1.1397.2.23.3.1.3.1.14, oidConvert= , value= The link is down i.e. not operational.
oid= 1.3.6.1.4.1.1397.2.23.3.1.3.1.100, oidConvert= , value= 2
2016-09-16 10:55:40,804 [ERROR] - Error: 
java.net.BindException: Cannot assign requested address: Cannot bind
	at java.net.DualStackPlainDatagramSocketImpl.socketBind(Native Method)
	at java.net.DualStackPlainDatagramSocketImpl.bind0(DualStackPlainDatagramSocketImpl.java:80)
	at java.net.AbstractPlainDatagramSocketImpl.bind(AbstractPlainDatagramSocketImpl.java:94)
	at java.net.DatagramSocket.bind(DatagramSocket.java:392)
	at java.net.DatagramSocket.<init>(DatagramSocket.java:242)
	at java.net.DatagramSocket.<init>(DatagramSocket.java:299)
	at org.snmp4j.transport.DefaultUdpTransportMapping.<init>(Unknown Source)
	at asistp.snmp.SNMPTrapReceiver.init(SNMPTrapReceiver.java:86)
	at asistp.snmp.SNMPTrapReceiver.run(SNMPTrapReceiver.java:67)
	at asistp.snmp.SNMPTrapReceiver.main(SNMPTrapReceiver.java:62)
